2024-03-25 18:20:30,980root - INFO - 20240325182030
2024-03-25 18:20:31,110root - INFO - b''
2024-03-25 18:20:31,219root - INFO - b''
2024-03-25 18:20:31,328root - INFO - b''
2024-03-25 18:20:31,437root - INFO - b''
2024-03-25 18:20:31,548root - INFO - b''
2024-03-25 18:20:31,657root - INFO - b''
2024-03-25 18:20:31,765root - INFO - b''
2024-03-25 18:20:31,765root - INFO - '20240325182030' not found in 'b'''
2024-03-25 18:20:31,765root - INFO - 20240325182031
2024-03-25 18:20:31,869root - INFO - b'24940First, was true -> set false\r\n'
2024-03-25 18:20:31,896root - INFO - b'Value changed to: 31\r\n'
2024-03-25 18:20:31,896root - INFO - b'++\r\n'
2024-03-25 18:20:31,897root - INFO - b'Value changed to: 20\r\n'
2024-03-25 18:20:31,897root - INFO - b'++m\r\n'
2024-03-25 18:20:31,898root - INFO - b'Value changed to: 18\r\n'
2024-03-25 18:20:31,898root - INFO - b'++h\r\n'
2024-03-25 18:20:31,898root - INFO - '20240325182031' not found in 'b'24940First, was true -> set false\r\n''
2024-03-25 18:20:31,898root - INFO - 20240325182031
2024-03-25 18:20:31,949root - INFO - b'Received String: 20240325182031\r\n'
2024-03-25 18:20:31,949root - INFO - b'Year: 2024\r\n'
2024-03-25 18:20:31,949root - INFO - b'Month: 03\r\n'
2024-03-25 18:20:31,950root - INFO - b'Day: 25\r\n'
2024-03-25 18:20:31,950root - INFO - b'Hour: 18\r\n'
2024-03-25 18:20:31,951root - INFO - b'Minute: 20\r\n'
2024-03-25 18:20:31,951root - INFO - b'Second: 31\r\n'
2024-03-25 18:20:31,951root - INFO - '20240325182031' found in 'b'Received String: 20240325182031\r\n''
2024-03-25 18:20:31,951root - WARNING - datum nahrano
2024-03-25 18:20:52,468root - INFO - 20240325182052
2024-03-25 18:20:52,600root - INFO - b''
2024-03-25 18:20:52,710root - INFO - b''
2024-03-25 18:20:52,818root - INFO - b''
2024-03-25 18:20:52,927root - INFO - b''
2024-03-25 18:20:53,036root - INFO - b''
2024-03-25 18:20:53,145root - INFO - b''
2024-03-25 18:20:53,254root - INFO - b''
2024-03-25 18:20:53,255root - INFO - '20240325182052' not found in 'b'''
2024-03-25 18:20:53,255root - INFO - 20240325182053
2024-03-25 18:20:53,359root - INFO - b'24940First, was true -> set false\r\n'
2024-03-25 18:20:53,384root - INFO - b'Value changed to: 52\r\n'
2024-03-25 18:20:53,385root - INFO - b'++\r\n'
2024-03-25 18:20:53,385root - INFO - b'Value changed to: 20\r\n'
2024-03-25 18:20:53,385root - INFO - b'++m\r\n'
2024-03-25 18:20:53,386root - INFO - b'Value changed to: 18\r\n'
2024-03-25 18:20:53,386root - INFO - b'++h\r\n'
2024-03-25 18:20:53,386root - INFO - '20240325182053' not found in 'b'24940First, was true -> set false\r\n''
2024-03-25 18:20:53,386root - INFO - 20240325182053
2024-03-25 18:20:53,411root - INFO - b'Received String: 20240325182053\r\n'
2024-03-25 18:20:53,412root - INFO - b'Year: 2024\r\n'
2024-03-25 18:20:53,412root - INFO - b'Month: 03\r\n'
2024-03-25 18:20:53,412root - INFO - b'Day: 25\r\n'
2024-03-25 18:20:53,413root - INFO - b'Hour: 18\r\n'
2024-03-25 18:20:53,413root - INFO - b'Minute: 20\r\n'
2024-03-25 18:20:53,413root - INFO - b'Second: 53\r\n'
2024-03-25 18:20:53,413root - INFO - '20240325182053' found in 'b'Received String: 20240325182053\r\n''
2024-03-25 18:20:53,414root - WARNING - datum nahrano
2024-03-25 18:20:54,961root - INFO - 20240325182054
2024-03-25 18:20:55,096root - INFO - b''
2024-03-25 18:20:55,205root - INFO - b''
2024-03-25 18:20:55,313root - INFO - b''
2024-03-25 18:20:55,422root - INFO - b''
2024-03-25 18:20:55,532root - INFO - b''
2024-03-25 18:20:55,641root - INFO - b''
2024-03-25 18:20:55,749root - INFO - b''
2024-03-25 18:20:55,749root - INFO - '20240325182054' not found in 'b'''
2024-03-25 18:20:55,750root - INFO - 20240325182055
2024-03-25 18:20:55,879root - INFO - b'24940First, was true -> set false\r\n'
2024-03-25 18:20:55,880root - INFO - b'Value changed to: 55\r\n'
2024-03-25 18:20:55,880root - INFO - b'++\r\n'
2024-03-25 18:20:55,881root - INFO - b'Value changed to: 20\r\n'
2024-03-25 18:20:55,881root - INFO - b'++m\r\n'
2024-03-25 18:20:55,882root - INFO - b'Value changed to: 18\r\n'
2024-03-25 18:20:55,883root - INFO - b'++h\r\n'
2024-03-25 18:20:55,883root - INFO - '20240325182055' not found in 'b'24940First, was true -> set false\r\n''
2024-03-25 18:20:55,883root - INFO - 20240325182055
2024-03-25 18:20:55,933root - INFO - b'Received String: 20240325182055\r\n'
2024-03-25 18:20:55,934root - INFO - b'Year: 2024\r\n'
2024-03-25 18:20:55,935root - INFO - b'Month: 03\r\n'
2024-03-25 18:20:55,936root - INFO - b'Day: 25\r\n'
2024-03-25 18:20:55,936root - INFO - b'Hour: 18\r\n'
2024-03-25 18:20:55,937root - INFO - b'Minute: 20\r\n'
2024-03-25 18:20:55,938root - INFO - b'Second: 55\r\n'
2024-03-25 18:20:55,938root - INFO - '20240325182055' found in 'b'Received String: 20240325182055\r\n''
2024-03-25 18:20:55,938root - WARNING - datum nahrano
2024-03-25 18:24:54,295root - CRITICAL - Could not find an arduino - is it plugged in?
2024-03-25 18:25:08,003root - CRITICAL - Could not find an arduino - is it plugged in?
2024-03-25 18:26:30,759root - INFO - 20240325182630
2024-03-25 18:26:30,889root - INFO - b''
2024-03-25 18:26:30,996root - INFO - b''
2024-03-25 18:26:31,105root - INFO - b''
2024-03-25 18:26:31,214root - INFO - b''
2024-03-25 18:26:31,323root - INFO - b''
2024-03-25 18:26:31,434root - INFO - b''
2024-03-25 18:26:31,541root - INFO - b''
2024-03-25 18:26:31,541root - INFO - '20240325182630' not found in 'b'''
2024-03-25 18:26:31,542root - INFO - 20240325182631
2024-03-25 18:26:31,650root - INFO - b'24940First, was true -> set false\r\n'
2024-03-25 18:26:31,671root - INFO - b'Value changed to: 30\r\n'
2024-03-25 18:26:31,672root - INFO - b'++\r\n'
2024-03-25 18:26:31,673root - INFO - b'Value changed to: 26\r\n'
2024-03-25 18:26:31,673root - INFO - b'++m\r\n'
2024-03-25 18:26:31,674root - INFO - b'Value changed to: 18\r\n'
2024-03-25 18:26:31,674root - INFO - b'++h\r\n'
2024-03-25 18:26:31,675root - INFO - '20240325182631' not found in 'b'24940First, was true -> set false\r\n''
2024-03-25 18:26:31,675root - INFO - 20240325182631
2024-03-25 18:26:31,726root - INFO - b'Received String: 20240325182631\r\n'
2024-03-25 18:26:31,727root - INFO - b'Year: 2024\r\n'
2024-03-25 18:26:31,727root - INFO - b'Month: 03\r\n'
2024-03-25 18:26:31,728root - INFO - b'Day: 25\r\n'
2024-03-25 18:26:31,728root - INFO - b'Hour: 18\r\n'
2024-03-25 18:26:31,729root - INFO - b'Minute: 26\r\n'
2024-03-25 18:26:31,730root - INFO - b'Second: 31\r\n'
2024-03-25 18:26:31,731root - INFO - '20240325182631' found in 'b'Received String: 20240325182631\r\n''
2024-03-25 18:26:31,731root - WARNING - datum nahrano
2024-03-25 18:39:23,381root - CRITICAL - Could not find an arduino - is it plugged in?
2024-03-25 18:41:18,253root - CRITICAL - Could not find an arduino - is it plugged in?
2024-03-25 18:41:21,557root - CRITICAL - Could not find an arduino - is it plugged in?
2024-03-25 18:41:27,017root - CRITICAL - Could not find an arduino - is it plugged in?
2024-03-25 18:41:51,507root - CRITICAL - Could not find an arduino - is it plugged in?
2024-03-25 18:41:55,721root - CRITICAL - Could not find an arduino - is it plugged in?
2024-03-25 18:41:58,184root - CRITICAL - Could not find an arduino - is it plugged in?
2024-03-25 18:42:00,271root - CRITICAL - Could not find an arduino - is it plugged in?
